clang: error: unable to execute command: Interrupt: 2
clang: error: clang frontend command failed due to signal (use -v to see invocation)
Apple clang version 12.0.0 (clang-1200.0.32.28)
Target: x86_64-apple-darwin19.6.0
Thread model: posix
InstalledDir: /Applications/Xcode.app/Contents/Developer/Toolchains/XcodeDefault.xctoolchain/usr/bin
clang: note: diagnostic msg: PLEASE submit a bug report to http://developer.apple.com/bugreporter/ and include the crash backtrace, preprocessed source, and associated run script.
clang: note: diagnostic msg: 
********************

PLEASE ATTACH THE FOLLOWING FILES TO THE BUG REPORT:
Preprocessed source(s) and associated run script(s) are located at:
clang: note: diagnostic msg: /var/folders/zz/zyxvpxvq6csfxvn_n000ck4m0034j5/T/exercise-9b5937.cpp
clang: note: diagnostic msg: /var/folders/zz/zyxvpxvq6csfxvn_n000ck4m0034j5/T/main-b701cc.cpp
clang: note: diagnostic msg: /var/folders/zz/zyxvpxvq6csfxvn_n000ck4m0034j5/T/menu-925527.cpp
clang: note: diagnostic msg: /var/folders/zz/zyxvpxvq6csfxvn_n000ck4m0034j5/T/exam-9be7db.cpp
clang: note: diagnostic msg: /var/folders/zz/zyxvpxvq6csfxvn_n000ck4m0034j5/T/utils-6db9c5.cpp
clang: note: diagnostic msg: /var/folders/zz/zyxvpxvq6csfxvn_n000ck4m0034j5/T/grade_request-c04948.cpp
clang: note: diagnostic msg: /var/folders/zz/zyxvpxvq6csfxvn_n000ck4m0034j5/T/data_persistence-b356ad.cpp
clang: note: diagnostic msg: /var/folders/zz/zyxvpxvq6csfxvn_n000ck4m0034j5/T/exercise-9b5937.sh
clang: note: diagnostic msg: Crash backtrace is located in
clang: note: diagnostic msg: /Users/fnikzad/Library/Logs/DiagnosticReports/clang_<YYYY-MM-DD-HHMMSS>_<hostname>.crash
clang: note: diagnostic msg: (choose the .crash file that corresponds to your crash)
clang: note: diagnostic msg: 

********************
